The system is: Darwin - 21.2.0 - x86_64
Compiling the C compiler identification source file "CMakeCCompilerId.c" succeeded.
Compiler: /Library/Developer/CommandLineTools/usr/bin/cc 
Build flags: 
Id flags: -c 

The output was:
0


Compilation of the C compiler identification source "CMakeCCompilerId.c" produced "CMakeCCompilerId.o"

The C compiler identification is AppleClang, found in "/Users/adamrashid/Desktop/cs184/final-project/cs184-final-project/build/CMakeFiles/3.22.1/CompilerIdC/CMakeCCompilerId.o"

Compiling the CXX compiler identification source file "CMakeCXXCompilerId.cpp" succeeded.
Compiler: /Library/Developer/CommandLineTools/usr/bin/c++ 
Build flags: 
Id flags: -c 

The output was:
0


Compilation of the CXX compiler identification source "CMakeCXXCompilerId.cpp" produced "CMakeCXXCompilerId.o"

The CXX compiler identification is AppleClang, found in "/Users/adamrashid/Desktop/cs184/final-project/cs184-final-project/build/CMakeFiles/3.22.1/CompilerIdCXX/CMakeCXXCompilerId.o"

Detecting C compiler ABI info compiled with the following output:
Change Dir: /Users/adamrashid/Desktop/cs184/final-project/cs184-final-project/build/CMakeFiles/CMakeTmp

Run Build Command(s):/usr/bin/make -f Makefile cmTC_04da0/fast && /Library/Developer/CommandLineTools/usr/bin/make  -f CMakeFiles/cmTC_04da0.dir/build.make CMakeFiles/cmTC_04da0.dir/build
Building C object CMakeFiles/cmTC_04da0.dir/CMakeCCompilerABI.c.o
/Library/Developer/CommandLineTools/usr/bin/cc   -isysroot /Library/Developer/CommandLineTools/SDKs/MacOSX10.15.sdk   -v -Wl,-v -MD -MT CMakeFiles/cmTC_04da0.dir/CMakeCCompilerABI.c.o -MF CMakeFiles/cmTC_04da0.dir/CMakeCCompilerABI.c.o.d -o CMakeFiles/cmTC_04da0.dir/CMakeCCompilerABI.c.o -c /usr/local/Cellar/cmake/3.22.1/share/cmake/Modules/CMakeCCompilerABI.c
Apple clang version 12.0.0 (clang-1200.0.32.2)
Target: x86_64-apple-darwin21.2.0
Thread model: posix
InstalledDir: /Library/Developer/CommandLineTools/usr/bin
clang: warning: -Wl,-v: 'linker' input unused [-Wunused-command-line-argument]
 "/Library/Developer/CommandLineTools/usr/bin/clang" -cc1 -triple x86_64-apple-macosx10.15.6 -Wdeprecated-objc-isa-usage -Werror=deprecated-objc-isa-usage -Werror=implicit-function-declaration -emit-obj -mrelax-all -disable-free -disable-llvm-verifier -discard-value-names -main-file-name CMakeCCompilerABI.c -mrelocation-model pic -pic-level 2 -mthread-model posix -mframe-pointer=all -fno-strict-return -masm-verbose -munwind-tables -target-sdk-version=10.15.6 -fcompatibility-qualified-id-block-type-checking -target-cpu penryn -dwarf-column-info -debugger-tuning=lldb -target-linker-version 609 -v -resource-dir /Library/Developer/CommandLineTools/usr/lib/clang/12.0.0 -dependency-file CMakeFiles/cmTC_04da0.dir/CMakeCCompilerABI.c.o.d -skip-unused-modulemap-deps -MT CMakeFiles/cmTC_04da0.dir/CMakeCCompilerABI.c.o -sys-header-deps -isysroot /Library/Developer/CommandLineTools/SDKs/MacOSX10.15.sdk -internal-isystem /Library/Developer/CommandLineTools/SDKs/MacOSX10.15.sdk/usr/local/include -internal-isystem /Library/Developer/CommandLineTools/usr/lib/clang/12.0.0/include -internal-externc-isystem /Library/Developer/CommandLineTools/SDKs/MacOSX10.15.sdk/usr/include -internal-externc-isystem /Library/Developer/CommandLineTools/usr/include -Wno-reorder-init-list -Wno-implicit-int-float-conversion -Wno-c99-designator -Wno-final-dtor-non-final-class -Wno-extra-semi-stmt -Wno-misleading-indentation -Wno-quoted-include-in-framework-header -Wno-implicit-fallthrough -Wno-enum-enum-conversion -Wno-enum-float-conversion -fdebug-compilation-dir /Users/adamrashid/Desktop/cs184/final-project/cs184-final-project/build/CMakeFiles/CMakeTmp -ferror-limit 19 -fmessage-length 0 -stack-protector 1 -fstack-check -mdarwin-stkchk-strong-link -fblocks -fencode-extended-block-signature -fregister-global-dtors-with-atexit -fgnuc-version=4.2.1 -fobjc-runtime=macosx-10.15.6 -fmax-type-align=16 -fdiagnostics-show-option -o CMakeFiles/cmTC_04da0.dir/CMakeCCompilerABI.c.o -x c /usr/local/Cellar/cmake/3.22.1/share/cmake/Modules/CMakeCCompilerABI.c
clang -cc1 version 12.0.0 (clang-1200.0.32.2) default target x86_64-apple-darwin21.2.0
ignoring nonexistent directory "/Library/Developer/CommandLineTools/SDKs/MacOSX10.15.sdk/usr/local/include"
ignoring nonexistent directory "/Library/Developer/CommandLineTools/SDKs/MacOSX10.15.sdk/Library/Frameworks"
#include "..." search starts here:
#include <...> search starts here:
 /Library/Developer/CommandLineTools/usr/lib/clang/12.0.0/include
 /Library/Developer/CommandLineTools/SDKs/MacOSX10.15.sdk/usr/include
 /Library/Developer/CommandLineTools/usr/include
 /Library/Developer/CommandLineTools/SDKs/MacOSX10.15.sdk/System/Library/Frameworks (framework directory)
End of search list.
Linking C executable cmTC_04da0
/usr/local/Cellar/cmake/3.22.1/bin/cmake -E cmake_link_script CMakeFiles/cmTC_04da0.dir/link.txt --verbose=1
/Library/Developer/CommandLineTools/usr/bin/cc  -isysroot /Library/Developer/CommandLineTools/SDKs/MacOSX10.15.sdk -Wl,-search_paths_first -Wl,-headerpad_max_install_names  -v -Wl,-v CMakeFiles/cmTC_04da0.dir/CMakeCCompilerABI.c.o -o cmTC_04da0 
Apple clang version 12.0.0 (clang-1200.0.32.2)
Target: x86_64-apple-darwin21.2.0
Thread model: posix
InstalledDir: /Library/Developer/CommandLineTools/usr/bin
 "/Library/Developer/CommandLineTools/usr/bin/ld" -demangle -lto_library /Library/Developer/CommandLineTools/usr/lib/libLTO.dylib -dynamic -arch x86_64 -platform_version macos 10.15.6 10.15.6 -syslibroot /Library/Developer/CommandLineTools/SDKs/MacOSX10.15.sdk -o cmTC_04da0 -search_paths_first -headerpad_max_install_names -v CMakeFiles/cmTC_04da0.dir/CMakeCCompilerABI.c.o -lSystem /Library/Developer/CommandLineTools/usr/lib/clang/12.0.0/lib/darwin/libclang_rt.osx.a
@(#)PROGRAM:ld  PROJECT:ld64-609
BUILD 07:59:13 Aug 25 2020
configured to support archs: armv6 armv7 armv7s arm64 arm64e arm64_32 i386 x86_64 x86_64h armv6m armv7k armv7m armv7em
Library search paths:
	/Library/Developer/CommandLineTools/SDKs/MacOSX10.15.sdk/usr/lib
Framework search paths:
	/Library/Developer/CommandLineTools/SDKs/MacOSX10.15.sdk/System/Library/Frameworks/



Parsed C implicit include dir info from above output: rv=done
  found start of include info
  found start of implicit include info
    add: [/Library/Developer/CommandLineTools/usr/lib/clang/12.0.0/include]
    add: [/Library/Developer/CommandLineTools/SDKs/MacOSX10.15.sdk/usr/include]
    add: [/Library/Developer/CommandLineTools/usr/include]
  end of search list found
  collapse include dir [/Library/Developer/CommandLineTools/usr/lib/clang/12.0.0/include] ==> [/Library/Developer/CommandLineTools/usr/lib/clang/12.0.0/include]
  collapse include dir [/Library/Developer/CommandLineTools/SDKs/MacOSX10.15.sdk/usr/include] ==> [/Library/Developer/CommandLineTools/SDKs/MacOSX10.15.sdk/usr/include]
  collapse include dir [/Library/Developer/CommandLineTools/usr/include] ==> [/Library/Developer/CommandLineTools/usr/include]
  implicit include dirs: [/Library/Developer/CommandLineTools/usr/lib/clang/12.0.0/include;/Library/Developer/CommandLineTools/SDKs/MacOSX10.15.sdk/usr/include;/Library/Developer/CommandLineTools/usr/include]


Parsed C implicit link information from above output:
  link line regex: [^( *|.*[/\])(ld|CMAKE_LINK_STARTFILE-NOTFOUND|([^/\]+-)?ld|collect2)[^/\]*( |$)]
  ignore line: [Change Dir: /Users/adamrashid/Desktop/cs184/final-project/cs184-final-project/build/CMakeFiles/CMakeTmp]
  ignore line: []
  ignore line: [Run Build Command(s):/usr/bin/make -f Makefile cmTC_04da0/fast && /Library/Developer/CommandLineTools/usr/bin/make  -f CMakeFiles/cmTC_04da0.dir/build.make CMakeFiles/cmTC_04da0.dir/build]
  ignore line: [Building C object CMakeFiles/cmTC_04da0.dir/CMakeCCompilerABI.c.o]
  ignore line: [/Library/Developer/CommandLineTools/usr/bin/cc   -isysroot /Library/Developer/CommandLineTools/SDKs/MacOSX10.15.sdk   -v -Wl -v -MD -MT CMakeFiles/cmTC_04da0.dir/CMakeCCompilerABI.c.o -MF CMakeFiles/cmTC_04da0.dir/CMakeCCompilerABI.c.o.d -o CMakeFiles/cmTC_04da0.dir/CMakeCCompilerABI.c.o -c /usr/local/Cellar/cmake/3.22.1/share/cmake/Modules/CMakeCCompilerABI.c]
  ignore line: [Apple clang version 12.0.0 (clang-1200.0.32.2)]
  ignore line: [Target: x86_64-apple-darwin21.2.0]
  ignore line: [Thread model: posix]
  ignore line: [InstalledDir: /Library/Developer/CommandLineTools/usr/bin]
  ignore line: [clang: warning: -Wl -v: 'linker' input unused [-Wunused-command-line-argument]]
  ignore line: [ "/Library/Developer/CommandLineTools/usr/bin/clang" -cc1 -triple x86_64-apple-macosx10.15.6 -Wdeprecated-objc-isa-usage -Werror=deprecated-objc-isa-usage -Werror=implicit-function-declaration -emit-obj -mrelax-all -disable-free -disable-llvm-verifier -discard-value-names -main-file-name CMakeCCompilerABI.c -mrelocation-model pic -pic-level 2 -mthread-model posix -mframe-pointer=all -fno-strict-return -masm-verbose -munwind-tables -target-sdk-version=10.15.6 -fcompatibility-qualified-id-block-type-checking -target-cpu penryn -dwarf-column-info -debugger-tuning=lldb -target-linker-version 609 -v -resource-dir /Library/Developer/CommandLineTools/usr/lib/clang/12.0.0 -dependency-file CMakeFiles/cmTC_04da0.dir/CMakeCCompilerABI.c.o.d -skip-unused-modulemap-deps -MT CMakeFiles/cmTC_04da0.dir/CMakeCCompilerABI.c.o -sys-header-deps -isysroot /Library/Developer/CommandLineTools/SDKs/MacOSX10.15.sdk -internal-isystem /Library/Developer/CommandLineTools/SDKs/MacOSX10.15.sdk/usr/local/include -internal-isystem /Library/Developer/CommandLineTools/usr/lib/clang/12.0.0/include -internal-externc-isystem /Library/Developer/CommandLineTools/SDKs/MacOSX10.15.sdk/usr/include -internal-externc-isystem /Library/Developer/CommandLineTools/usr/include -Wno-reorder-init-list -Wno-implicit-int-float-conversion -Wno-c99-designator -Wno-final-dtor-non-final-class -Wno-extra-semi-stmt -Wno-misleading-indentation -Wno-quoted-include-in-framework-header -Wno-implicit-fallthrough -Wno-enum-enum-conversion -Wno-enum-float-conversion -fdebug-compilation-dir /Users/adamrashid/Desktop/cs184/final-project/cs184-final-project/build/CMakeFiles/CMakeTmp -ferror-limit 19 -fmessage-length 0 -stack-protector 1 -fstack-check -mdarwin-stkchk-strong-link -fblocks -fencode-extended-block-signature -fregister-global-dtors-with-atexit -fgnuc-version=4.2.1 -fobjc-runtime=macosx-10.15.6 -fmax-type-align=16 -fdiagnostics-show-option -o CMakeFiles/cmTC_04da0.dir/CMakeCCompilerABI.c.o -x c /usr/local/Cellar/cmake/3.22.1/share/cmake/Modules/CMakeCCompilerABI.c]
  ignore line: [clang -cc1 version 12.0.0 (clang-1200.0.32.2) default target x86_64-apple-darwin21.2.0]
  ignore line: [ignoring nonexistent directory "/Library/Developer/CommandLineTools/SDKs/MacOSX10.15.sdk/usr/local/include"]
  ignore line: [ignoring nonexistent directory "/Library/Developer/CommandLineTools/SDKs/MacOSX10.15.sdk/Library/Frameworks"]
  ignore line: [#include "..." search starts here:]
  ignore line: [#include <...> search starts here:]
  ignore line: [ /Library/Developer/CommandLineTools/usr/lib/clang/12.0.0/include]
  ignore line: [ /Library/Developer/CommandLineTools/SDKs/MacOSX10.15.sdk/usr/include]
  ignore line: [ /Library/Developer/CommandLineTools/usr/include]
  ignore line: [ /Library/Developer/CommandLineTools/SDKs/MacOSX10.15.sdk/System/Library/Frameworks (framework directory)]
  ignore line: [End of search list.]
  ignore line: [Linking C executable cmTC_04da0]
  ignore line: [/usr/local/Cellar/cmake/3.22.1/bin/cmake -E cmake_link_script CMakeFiles/cmTC_04da0.dir/link.txt --verbose=1]
  ignore line: [/Library/Developer/CommandLineTools/usr/bin/cc  -isysroot /Library/Developer/CommandLineTools/SDKs/MacOSX10.15.sdk -Wl -search_paths_first -Wl -headerpad_max_install_names  -v -Wl -v CMakeFiles/cmTC_04da0.dir/CMakeCCompilerABI.c.o -o cmTC_04da0 ]
  ignore line: [Apple clang version 12.0.0 (clang-1200.0.32.2)]
  ignore line: [Target: x86_64-apple-darwin21.2.0]
  ignore line: [Thread model: posix]
  ignore line: [InstalledDir: /Library/Developer/CommandLineTools/usr/bin]
  link line: [ "/Library/Developer/CommandLineTools/usr/bin/ld" -demangle -lto_library /Library/Developer/CommandLineTools/usr/lib/libLTO.dylib -dynamic -arch x86_64 -platform_version macos 10.15.6 10.15.6 -syslibroot /Library/Developer/CommandLineTools/SDKs/MacOSX10.15.sdk -o cmTC_04da0 -search_paths_first -headerpad_max_install_names -v CMakeFiles/cmTC_04da0.dir/CMakeCCompilerABI.c.o -lSystem /Library/Developer/CommandLineTools/usr/lib/clang/12.0.0/lib/darwin/libclang_rt.osx.a]
    arg [/Library/Developer/CommandLineTools/usr/bin/ld] ==> ignore
    arg [-demangle] ==> ignore
    arg [-lto_library] ==> ignore, skip following value
    arg [/Library/Developer/CommandLineTools/usr/lib/libLTO.dylib] ==> skip value of -lto_library
    arg [-dynamic] ==> ignore
    arg [-arch] ==> ignore
    arg [x86_64] ==> ignore
    arg [-platform_version] ==> ignore
    arg [macos] ==> ignore
    arg [10.15.6] ==> ignore
    arg [10.15.6] ==> ignore
    arg [-syslibroot] ==> ignore
    arg [/Library/Developer/CommandLineTools/SDKs/MacOSX10.15.sdk] ==> ignore
    arg [-o] ==> ignore
    arg [cmTC_04da0] ==> ignore
    arg [-search_paths_first] ==> ignore
    arg [-headerpad_max_install_names] ==> ignore
    arg [-v] ==> ignore
    arg [CMakeFiles/cmTC_04da0.dir/CMakeCCompilerABI.c.o] ==> ignore
    arg [-lSystem] ==> lib [System]
    arg [/Library/Developer/CommandLineTools/usr/lib/clang/12.0.0/lib/darwin/libclang_rt.osx.a] ==> lib [/Library/Developer/CommandLineTools/usr/lib/clang/12.0.0/lib/darwin/libclang_rt.osx.a]
  Library search paths: [;/Library/Developer/CommandLineTools/SDKs/MacOSX10.15.sdk/usr/lib]
  Framework search paths: [;/Library/Developer/CommandLineTools/SDKs/MacOSX10.15.sdk/System/Library/Frameworks/]
  remove lib [System]
  remove lib [/Library/Developer/CommandLineTools/usr/lib/clang/12.0.0/lib/darwin/libclang_rt.osx.a]
  collapse library dir [/Library/Developer/CommandLineTools/SDKs/MacOSX10.15.sdk/usr/lib] ==> [/Library/Developer/CommandLineTools/SDKs/MacOSX10.15.sdk/usr/lib]
  collapse framework dir [/Library/Developer/CommandLineTools/SDKs/MacOSX10.15.sdk/System/Library/Frameworks/] ==> [/Library/Developer/CommandLineTools/SDKs/MacOSX10.15.sdk/System/Library/Frameworks]
  implicit libs: []
  implicit objs: []
  implicit dirs: [/Library/Developer/CommandLineTools/SDKs/MacOSX10.15.sdk/usr/lib]
  implicit fwks: [/Library/Developer/CommandLineTools/SDKs/MacOSX10.15.sdk/System/Library/Frameworks]


Detecting CXX compiler ABI info compiled with the following output:
Change Dir: /Users/adamrashid/Desktop/cs184/final-project/cs184-final-project/build/CMakeFiles/CMakeTmp

Run Build Command(s):/usr/bin/make -f Makefile cmTC_14320/fast && /Library/Developer/CommandLineTools/usr/bin/make  -f CMakeFiles/cmTC_14320.dir/build.make CMakeFiles/cmTC_14320.dir/build
Building CXX object CMakeFiles/cmTC_14320.dir/CMakeCXXCompilerABI.cpp.o
/Library/Developer/CommandLineTools/usr/bin/c++   -isysroot /Library/Developer/CommandLineTools/SDKs/MacOSX10.15.sdk   -v -Wl,-v -MD -MT CMakeFiles/cmTC_14320.dir/CMakeCXXCompilerABI.cpp.o -MF CMakeFiles/cmTC_14320.dir/CMakeCXXCompilerABI.cpp.o.d -o CMakeFiles/cmTC_14320.dir/CMakeCXXCompilerABI.cpp.o -c /usr/local/Cellar/cmake/3.22.1/share/cmake/Modules/CMakeCXXCompilerABI.cpp
Apple clang version 12.0.0 (clang-1200.0.32.2)
Target: x86_64-apple-darwin21.2.0
Thread model: posix
InstalledDir: /Library/Developer/CommandLineTools/usr/bin
clang: warning: -Wl,-v: 'linker' input unused [-Wunused-command-line-argument]
ignoring nonexistent directory "/Library/Developer/CommandLineTools/SDKs/MacOSX10.15.sdk/usr/include/c++/v1"
 "/Library/Developer/CommandLineTools/usr/bin/clang" -cc1 -triple x86_64-apple-macosx10.15.6 -Wdeprecated-objc-isa-usage -Werror=deprecated-objc-isa-usage -Werror=implicit-function-declaration -emit-obj -mrelax-all -disable-free -disable-llvm-verifier -discard-value-names -main-file-name CMakeCXXCompilerABI.cpp -mrelocation-model pic -pic-level 2 -mthread-model posix -mframe-pointer=all -fno-strict-return -masm-verbose -munwind-tables -target-sdk-version=10.15.6 -fcompatibility-qualified-id-block-type-checking -target-cpu penryn -dwarf-column-info -debugger-tuning=lldb -target-linker-version 609 -v -resource-dir /Library/Developer/CommandLineTools/usr/lib/clang/12.0.0 -dependency-file CMakeFiles/cmTC_14320.dir/CMakeCXXCompilerABI.cpp.o.d -skip-unused-modulemap-deps -MT CMakeFiles/cmTC_14320.dir/CMakeCXXCompilerABI.cpp.o -sys-header-deps -isysroot /Library/Developer/CommandLineTools/SDKs/MacOSX10.15.sdk -stdlib=libc++ -internal-isystem /Library/Developer/CommandLineTools/usr/bin/../include/c++/v1 -internal-isystem /Library/Developer/CommandLineTools/SDKs/MacOSX10.15.sdk/usr/local/include -internal-isystem /Library/Developer/CommandLineTools/usr/lib/clang/12.0.0/include -internal-externc-isystem /Library/Developer/CommandLineTools/SDKs/MacOSX10.15.sdk/usr/include -internal-externc-isystem /Library/Developer/CommandLineTools/usr/include -Wno-reorder-init-list -Wno-implicit-int-float-conversion -Wno-c99-designator -Wno-final-dtor-non-final-class -Wno-extra-semi-stmt -Wno-misleading-indentation -Wno-quoted-include-in-framework-header -Wno-implicit-fallthrough -Wno-enum-enum-conversion -Wno-enum-float-conversion -fdeprecated-macro -fdebug-compilation-dir /Users/adamrashid/Desktop/cs184/final-project/cs184-final-project/build/CMakeFiles/CMakeTmp -ferror-limit 19 -fmessage-length 0 -stack-protector 1 -fstack-check -mdarwin-stkchk-strong-link -fblocks -fencode-extended-block-signature -fregister-global-dtors-with-atexit -fgnuc-version=4.2.1 -fobjc-runtime=macosx-10.15.6 -fcxx-exceptions -fexceptions -fmax-type-align=16 -fdiagnostics-show-option -o CMakeFiles/cmTC_14320.dir/CMakeCXXCompilerABI.cpp.o -x c++ /usr/local/Cellar/cmake/3.22.1/share/cmake/Modules/CMakeCXXCompilerABI.cpp
clang -cc1 version 12.0.0 (clang-1200.0.32.2) default target x86_64-apple-darwin21.2.0
ignoring nonexistent directory "/Library/Developer/CommandLineTools/SDKs/MacOSX10.15.sdk/usr/local/include"
ignoring nonexistent directory "/Library/Developer/CommandLineTools/SDKs/MacOSX10.15.sdk/Library/Frameworks"
#include "..." search starts here:
#include <...> search starts here:
 /Library/Developer/CommandLineTools/usr/bin/../include/c++/v1
 /Library/Developer/CommandLineTools/usr/lib/clang/12.0.0/include
 /Library/Developer/CommandLineTools/SDKs/MacOSX10.15.sdk/usr/include
 /Library/Developer/CommandLineTools/usr/include
 /Library/Developer/CommandLineTools/SDKs/MacOSX10.15.sdk/System/Library/Frameworks (framework directory)
End of search list.
Linking CXX executable cmTC_14320
/usr/local/Cellar/cmake/3.22.1/bin/cmake -E cmake_link_script CMakeFiles/cmTC_14320.dir/link.txt --verbose=1
/Library/Developer/CommandLineTools/usr/bin/c++  -isysroot /Library/Developer/CommandLineTools/SDKs/MacOSX10.15.sdk -Wl,-search_paths_first -Wl,-headerpad_max_install_names  -v -Wl,-v CMakeFiles/cmTC_14320.dir/CMakeCXXCompilerABI.cpp.o -o cmTC_14320 
Apple clang version 12.0.0 (clang-1200.0.32.2)
Target: x86_64-apple-darwin21.2.0
Thread model: posix
InstalledDir: /Library/Developer/CommandLineTools/usr/bin
 "/Library/Developer/CommandLineTools/usr/bin/ld" -demangle -lto_library /Library/Developer/CommandLineTools/usr/lib/libLTO.dylib -dynamic -arch x86_64 -platform_version macos 10.15.6 10.15.6 -syslibroot /Library/Developer/CommandLineTools/SDKs/MacOSX10.15.sdk -o cmTC_14320 -search_paths_first -headerpad_max_install_names -v CMakeFiles/cmTC_14320.dir/CMakeCXXCompilerABI.cpp.o -lc++ -lSystem /Library/Developer/CommandLineTools/usr/lib/clang/12.0.0/lib/darwin/libclang_rt.osx.a
@(#)PROGRAM:ld  PROJECT:ld64-609
BUILD 07:59:13 Aug 25 2020
configured to support archs: armv6 armv7 armv7s arm64 arm64e arm64_32 i386 x86_64 x86_64h armv6m armv7k armv7m armv7em
Library search paths:
	/Library/Developer/CommandLineTools/SDKs/MacOSX10.15.sdk/usr/lib
Framework search paths:
	/Library/Developer/CommandLineTools/SDKs/MacOSX10.15.sdk/System/Library/Frameworks/



Parsed CXX implicit include dir info from above output: rv=done
  found start of include info
  found start of implicit include info
    add: [/Library/Developer/CommandLineTools/usr/bin/../include/c++/v1]
    add: [/Library/Developer/CommandLineTools/usr/lib/clang/12.0.0/include]
    add: [/Library/Developer/CommandLineTools/SDKs/MacOSX10.15.sdk/usr/include]
    add: [/Library/Developer/CommandLineTools/usr/include]
  end of search list found
  collapse include dir [/Library/Developer/CommandLineTools/usr/bin/../include/c++/v1] ==> [/Library/Developer/CommandLineTools/usr/include/c++/v1]
  collapse include dir [/Library/Developer/CommandLineTools/usr/lib/clang/12.0.0/include] ==> [/Library/Developer/CommandLineTools/usr/lib/clang/12.0.0/include]
  collapse include dir [/Library/Developer/CommandLineTools/SDKs/MacOSX10.15.sdk/usr/include] ==> [/Library/Developer/CommandLineTools/SDKs/MacOSX10.15.sdk/usr/include]
  collapse include dir [/Library/Developer/CommandLineTools/usr/include] ==> [/Library/Developer/CommandLineTools/usr/include]
  implicit include dirs: [/Library/Developer/CommandLineTools/usr/include/c++/v1;/Library/Developer/CommandLineTools/usr/lib/clang/12.0.0/include;/Library/Developer/CommandLineTools/SDKs/MacOSX10.15.sdk/usr/include;/Library/Developer/CommandLineTools/usr/include]


Parsed CXX implicit link information from above output:
  link line regex: [^( *|.*[/\])(ld|CMAKE_LINK_STARTFILE-NOTFOUND|([^/\]+-)?ld|collect2)[^/\]*( |$)]
  ignore line: [Change Dir: /Users/adamrashid/Desktop/cs184/final-project/cs184-final-project/build/CMakeFiles/CMakeTmp]
  ignore line: []
  ignore line: [Run Build Command(s):/usr/bin/make -f Makefile cmTC_14320/fast && /Library/Developer/CommandLineTools/usr/bin/make  -f CMakeFiles/cmTC_14320.dir/build.make CMakeFiles/cmTC_14320.dir/build]
  ignore line: [Building CXX object CMakeFiles/cmTC_14320.dir/CMakeCXXCompilerABI.cpp.o]
  ignore line: [/Library/Developer/CommandLineTools/usr/bin/c++   -isysroot /Library/Developer/CommandLineTools/SDKs/MacOSX10.15.sdk   -v -Wl -v -MD -MT CMakeFiles/cmTC_14320.dir/CMakeCXXCompilerABI.cpp.o -MF CMakeFiles/cmTC_14320.dir/CMakeCXXCompilerABI.cpp.o.d -o CMakeFiles/cmTC_14320.dir/CMakeCXXCompilerABI.cpp.o -c /usr/local/Cellar/cmake/3.22.1/share/cmake/Modules/CMakeCXXCompilerABI.cpp]
  ignore line: [Apple clang version 12.0.0 (clang-1200.0.32.2)]
  ignore line: [Target: x86_64-apple-darwin21.2.0]
  ignore line: [Thread model: posix]
  ignore line: [InstalledDir: /Library/Developer/CommandLineTools/usr/bin]
  ignore line: [clang: warning: -Wl -v: 'linker' input unused [-Wunused-command-line-argument]]
  ignore line: [ignoring nonexistent directory "/Library/Developer/CommandLineTools/SDKs/MacOSX10.15.sdk/usr/include/c++/v1"]
  ignore line: [ "/Library/Developer/CommandLineTools/usr/bin/clang" -cc1 -triple x86_64-apple-macosx10.15.6 -Wdeprecated-objc-isa-usage -Werror=deprecated-objc-isa-usage -Werror=implicit-function-declaration -emit-obj -mrelax-all -disable-free -disable-llvm-verifier -discard-value-names -main-file-name CMakeCXXCompilerABI.cpp -mrelocation-model pic -pic-level 2 -mthread-model posix -mframe-pointer=all -fno-strict-return -masm-verbose -munwind-tables -target-sdk-version=10.15.6 -fcompatibility-qualified-id-block-type-checking -target-cpu penryn -dwarf-column-info -debugger-tuning=lldb -target-linker-version 609 -v -resource-dir /Library/Developer/CommandLineTools/usr/lib/clang/12.0.0 -dependency-file CMakeFiles/cmTC_14320.dir/CMakeCXXCompilerABI.cpp.o.d -skip-unused-modulemap-deps -MT CMakeFiles/cmTC_14320.dir/CMakeCXXCompilerABI.cpp.o -sys-header-deps -isysroot /Library/Developer/CommandLineTools/SDKs/MacOSX10.15.sdk -stdlib=libc++ -internal-isystem /Library/Developer/CommandLineTools/usr/bin/../include/c++/v1 -internal-isystem /Library/Developer/CommandLineTools/SDKs/MacOSX10.15.sdk/usr/local/include -internal-isystem /Library/Developer/CommandLineTools/usr/lib/clang/12.0.0/include -internal-externc-isystem /Library/Developer/CommandLineTools/SDKs/MacOSX10.15.sdk/usr/include -internal-externc-isystem /Library/Developer/CommandLineTools/usr/include -Wno-reorder-init-list -Wno-implicit-int-float-conversion -Wno-c99-designator -Wno-final-dtor-non-final-class -Wno-extra-semi-stmt -Wno-misleading-indentation -Wno-quoted-include-in-framework-header -Wno-implicit-fallthrough -Wno-enum-enum-conversion -Wno-enum-float-conversion -fdeprecated-macro -fdebug-compilation-dir /Users/adamrashid/Desktop/cs184/final-project/cs184-final-project/build/CMakeFiles/CMakeTmp -ferror-limit 19 -fmessage-length 0 -stack-protector 1 -fstack-check -mdarwin-stkchk-strong-link -fblocks -fencode-extended-block-signature -fregister-global-dtors-with-atexit -fgnuc-version=4.2.1 -fobjc-runtime=macosx-10.15.6 -fcxx-exceptions -fexceptions -fmax-type-align=16 -fdiagnostics-show-option -o CMakeFiles/cmTC_14320.dir/CMakeCXXCompilerABI.cpp.o -x c++ /usr/local/Cellar/cmake/3.22.1/share/cmake/Modules/CMakeCXXCompilerABI.cpp]
  ignore line: [clang -cc1 version 12.0.0 (clang-1200.0.32.2) default target x86_64-apple-darwin21.2.0]
  ignore line: [ignoring nonexistent directory "/Library/Developer/CommandLineTools/SDKs/MacOSX10.15.sdk/usr/local/include"]
  ignore line: [ignoring nonexistent directory "/Library/Developer/CommandLineTools/SDKs/MacOSX10.15.sdk/Library/Frameworks"]
  ignore line: [#include "..." search starts here:]
  ignore line: [#include <...> search starts here:]
  ignore line: [ /Library/Developer/CommandLineTools/usr/bin/../include/c++/v1]
  ignore line: [ /Library/Developer/CommandLineTools/usr/lib/clang/12.0.0/include]
  ignore line: [ /Library/Developer/CommandLineTools/SDKs/MacOSX10.15.sdk/usr/include]
  ignore line: [ /Library/Developer/CommandLineTools/usr/include]
  ignore line: [ /Library/Developer/CommandLineTools/SDKs/MacOSX10.15.sdk/System/Library/Frameworks (framework directory)]
  ignore line: [End of search list.]
  ignore line: [Linking CXX executable cmTC_14320]
  ignore line: [/usr/local/Cellar/cmake/3.22.1/bin/cmake -E cmake_link_script CMakeFiles/cmTC_14320.dir/link.txt --verbose=1]
  ignore line: [/Library/Developer/CommandLineTools/usr/bin/c++  -isysroot /Library/Developer/CommandLineTools/SDKs/MacOSX10.15.sdk -Wl -search_paths_first -Wl -headerpad_max_install_names  -v -Wl -v CMakeFiles/cmTC_14320.dir/CMakeCXXCompilerABI.cpp.o -o cmTC_14320 ]
  ignore line: [Apple clang version 12.0.0 (clang-1200.0.32.2)]
  ignore line: [Target: x86_64-apple-darwin21.2.0]
  ignore line: [Thread model: posix]
  ignore line: [InstalledDir: /Library/Developer/CommandLineTools/usr/bin]
  link line: [ "/Library/Developer/CommandLineTools/usr/bin/ld" -demangle -lto_library /Library/Developer/CommandLineTools/usr/lib/libLTO.dylib -dynamic -arch x86_64 -platform_version macos 10.15.6 10.15.6 -syslibroot /Library/Developer/CommandLineTools/SDKs/MacOSX10.15.sdk -o cmTC_14320 -search_paths_first -headerpad_max_install_names -v CMakeFiles/cmTC_14320.dir/CMakeCXXCompilerABI.cpp.o -lc++ -lSystem /Library/Developer/CommandLineTools/usr/lib/clang/12.0.0/lib/darwin/libclang_rt.osx.a]
    arg [/Library/Developer/CommandLineTools/usr/bin/ld] ==> ignore
    arg [-demangle] ==> ignore
    arg [-lto_library] ==> ignore, skip following value
    arg [/Library/Developer/CommandLineTools/usr/lib/libLTO.dylib] ==> skip value of -lto_library
    arg [-dynamic] ==> ignore
    arg [-arch] ==> ignore
    arg [x86_64] ==> ignore
    arg [-platform_version] ==> ignore
    arg [macos] ==> ignore
    arg [10.15.6] ==> ignore
    arg [10.15.6] ==> ignore
    arg [-syslibroot] ==> ignore
    arg [/Library/Developer/CommandLineTools/SDKs/MacOSX10.15.sdk] ==> ignore
    arg [-o] ==> ignore
    arg [cmTC_14320] ==> ignore
    arg [-search_paths_first] ==> ignore
    arg [-headerpad_max_install_names] ==> ignore
    arg [-v] ==> ignore
    arg [CMakeFiles/cmTC_14320.dir/CMakeCXXCompilerABI.cpp.o] ==> ignore
    arg [-lc++] ==> lib [c++]
    arg [-lSystem] ==> lib [System]
    arg [/Library/Developer/CommandLineTools/usr/lib/clang/12.0.0/lib/darwin/libclang_rt.osx.a] ==> lib [/Library/Developer/CommandLineTools/usr/lib/clang/12.0.0/lib/darwin/libclang_rt.osx.a]
  Library search paths: [;/Library/Developer/CommandLineTools/SDKs/MacOSX10.15.sdk/usr/lib]
  Framework search paths: [;/Library/Developer/CommandLineTools/SDKs/MacOSX10.15.sdk/System/Library/Frameworks/]
  remove lib [System]
  remove lib [/Library/Developer/CommandLineTools/usr/lib/clang/12.0.0/lib/darwin/libclang_rt.osx.a]
  collapse library dir [/Library/Developer/CommandLineTools/SDKs/MacOSX10.15.sdk/usr/lib] ==> [/Library/Developer/CommandLineTools/SDKs/MacOSX10.15.sdk/usr/lib]
  collapse framework dir [/Library/Developer/CommandLineTools/SDKs/MacOSX10.15.sdk/System/Library/Frameworks/] ==> [/Library/Developer/CommandLineTools/SDKs/MacOSX10.15.sdk/System/Library/Frameworks]
  implicit libs: [c++]
  implicit objs: []
  implicit dirs: [/Library/Developer/CommandLineTools/SDKs/MacOSX10.15.sdk/usr/lib]
  implicit fwks: [/Library/Developer/CommandLineTools/SDKs/MacOSX10.15.sdk/System/Library/Frameworks]


Determining if the include file pthread.h exists passed with the following output:
Change Dir: /Users/adamrashid/Desktop/cs184/final-project/cs184-final-project/build/CMakeFiles/CMakeTmp

Run Build Command(s):/usr/bin/make -f Makefile cmTC_91fea/fast && /Library/Developer/CommandLineTools/usr/bin/make  -f CMakeFiles/cmTC_91fea.dir/build.make CMakeFiles/cmTC_91fea.dir/build
Building C object CMakeFiles/cmTC_91fea.dir/CheckIncludeFile.c.o
/Library/Developer/CommandLineTools/usr/bin/cc   -Wno-deprecated-declarations  -isysroot /Library/Developer/CommandLineTools/SDKs/MacOSX10.15.sdk -MD -MT CMakeFiles/cmTC_91fea.dir/CheckIncludeFile.c.o -MF CMakeFiles/cmTC_91fea.dir/CheckIncludeFile.c.o.d -o CMakeFiles/cmTC_91fea.dir/CheckIncludeFile.c.o -c /Users/adamrashid/Desktop/cs184/final-project/cs184-final-project/build/CMakeFiles/CMakeTmp/CheckIncludeFile.c
Linking C executable cmTC_91fea
/usr/local/Cellar/cmake/3.22.1/bin/cmake -E cmake_link_script CMakeFiles/cmTC_91fea.dir/link.txt --verbose=1
/Library/Developer/CommandLineTools/usr/bin/cc  -Wno-deprecated-declarations  -isysroot /Library/Developer/CommandLineTools/SDKs/MacOSX10.15.sdk -Wl,-search_paths_first -Wl,-headerpad_max_install_names CMakeFiles/cmTC_91fea.dir/CheckIncludeFile.c.o -o cmTC_91fea 



Performing C SOURCE FILE Test CMAKE_HAVE_LIBC_PTHREAD succeeded with the following output:
Change Dir: /Users/adamrashid/Desktop/cs184/final-project/cs184-final-project/build/CMakeFiles/CMakeTmp

Run Build Command(s):/usr/bin/make -f Makefile cmTC_3a2e3/fast && /Library/Developer/CommandLineTools/usr/bin/make  -f CMakeFiles/cmTC_3a2e3.dir/build.make CMakeFiles/cmTC_3a2e3.dir/build
Building C object CMakeFiles/cmTC_3a2e3.dir/src.c.o
/Library/Developer/CommandLineTools/usr/bin/cc -DCMAKE_HAVE_LIBC_PTHREAD  -Wno-deprecated-declarations  -isysroot /Library/Developer/CommandLineTools/SDKs/MacOSX10.15.sdk -MD -MT CMakeFiles/cmTC_3a2e3.dir/src.c.o -MF CMakeFiles/cmTC_3a2e3.dir/src.c.o.d -o CMakeFiles/cmTC_3a2e3.dir/src.c.o -c /Users/adamrashid/Desktop/cs184/final-project/cs184-final-project/build/CMakeFiles/CMakeTmp/src.c
Linking C executable cmTC_3a2e3
/usr/local/Cellar/cmake/3.22.1/bin/cmake -E cmake_link_script CMakeFiles/cmTC_3a2e3.dir/link.txt --verbose=1
/Library/Developer/CommandLineTools/usr/bin/cc  -Wno-deprecated-declarations  -isysroot /Library/Developer/CommandLineTools/SDKs/MacOSX10.15.sdk -Wl,-search_paths_first -Wl,-headerpad_max_install_names CMakeFiles/cmTC_3a2e3.dir/src.c.o -o cmTC_3a2e3 


Source file was:
#include <pthread.h>

static void* test_func(void* data)
{
  return data;
}

int main(void)
{
  pthread_t thread;
  pthread_create(&thread, NULL, test_func, NULL);
  pthread_detach(thread);
  pthread_cancel(thread);
  pthread_join(thread, NULL);
  pthread_atfork(NULL, NULL, NULL);
  pthread_exit(NULL);

  return 0;
}

Performing C++ SOURCE FILE Test HAS_CPP14_FLAG succeeded with the following output:
Change Dir: /Users/adamrashid/Desktop/cs184/final-project/cs184-final-project/build/CMakeFiles/CMakeTmp

Run Build Command(s):/usr/bin/make -f Makefile cmTC_11f08/fast && /Library/Developer/CommandLineTools/usr/bin/make  -f CMakeFiles/cmTC_11f08.dir/build.make CMakeFiles/cmTC_11f08.dir/build
Building CXX object CMakeFiles/cmTC_11f08.dir/src.cxx.o
/Library/Developer/CommandLineTools/usr/bin/c++ -DHAS_CPP14_FLAG  -std=c++11 -m64 -O3 -funroll-loops -Wno-narrowing -Wno-deprecated-register -Wall -Wextra  -isysroot /Library/Developer/CommandLineTools/SDKs/MacOSX10.15.sdk   -std=c++14 -MD -MT CMakeFiles/cmTC_11f08.dir/src.cxx.o -MF CMakeFiles/cmTC_11f08.dir/src.cxx.o.d -o CMakeFiles/cmTC_11f08.dir/src.cxx.o -c /Users/adamrashid/Desktop/cs184/final-project/cs184-final-project/build/CMakeFiles/CMakeTmp/src.cxx
Linking CXX executable cmTC_11f08
/usr/local/Cellar/cmake/3.22.1/bin/cmake -E cmake_link_script CMakeFiles/cmTC_11f08.dir/link.txt --verbose=1
/Library/Developer/CommandLineTools/usr/bin/c++  -std=c++11 -m64 -O3 -funroll-loops -Wno-narrowing -Wno-deprecated-register -Wall -Wextra  -isysroot /Library/Developer/CommandLineTools/SDKs/MacOSX10.15.sdk -Wl,-search_paths_first -Wl,-headerpad_max_install_names CMakeFiles/cmTC_11f08.dir/src.cxx.o -o cmTC_11f08 


Source file was:
int main() { return 0; }
Performing C++ SOURCE FILE Test HAS_CPP11_FLAG succeeded with the following output:
Change Dir: /Users/adamrashid/Desktop/cs184/final-project/cs184-final-project/build/CMakeFiles/CMakeTmp

Run Build Command(s):/usr/bin/make -f Makefile cmTC_d6c87/fast && /Library/Developer/CommandLineTools/usr/bin/make  -f CMakeFiles/cmTC_d6c87.dir/build.make CMakeFiles/cmTC_d6c87.dir/build
Building CXX object CMakeFiles/cmTC_d6c87.dir/src.cxx.o
/Library/Developer/CommandLineTools/usr/bin/c++ -DHAS_CPP11_FLAG  -std=c++11 -m64 -O3 -funroll-loops -Wno-narrowing -Wno-deprecated-register -Wall -Wextra  -isysroot /Library/Developer/CommandLineTools/SDKs/MacOSX10.15.sdk   -std=c++11 -MD -MT CMakeFiles/cmTC_d6c87.dir/src.cxx.o -MF CMakeFiles/cmTC_d6c87.dir/src.cxx.o.d -o CMakeFiles/cmTC_d6c87.dir/src.cxx.o -c /Users/adamrashid/Desktop/cs184/final-project/cs184-final-project/build/CMakeFiles/CMakeTmp/src.cxx
Linking CXX executable cmTC_d6c87
/usr/local/Cellar/cmake/3.22.1/bin/cmake -E cmake_link_script CMakeFiles/cmTC_d6c87.dir/link.txt --verbose=1
/Library/Developer/CommandLineTools/usr/bin/c++  -std=c++11 -m64 -O3 -funroll-loops -Wno-narrowing -Wno-deprecated-register -Wall -Wextra  -isysroot /Library/Developer/CommandLineTools/SDKs/MacOSX10.15.sdk -Wl,-search_paths_first -Wl,-headerpad_max_install_names CMakeFiles/cmTC_d6c87.dir/src.cxx.o -o cmTC_d6c87 


Source file was:
int main() { return 0; }
Performing C++ SOURCE FILE Test HAS_LTO succeeded with the following compile output:
Change Dir: /Users/adamrashid/Desktop/cs184/final-project/cs184-final-project/build/CMakeFiles/CMakeTmp

Run Build Command(s):/usr/bin/make -f Makefile cmTC_115fd/fast && /Library/Developer/CommandLineTools/usr/bin/make  -f CMakeFiles/cmTC_115fd.dir/build.make CMakeFiles/cmTC_115fd.dir/build
Building CXX object CMakeFiles/cmTC_115fd.dir/src.cxx.o
/Library/Developer/CommandLineTools/usr/bin/c++ -DHAS_LTO  -fvisibility=hidden  -std=c++11 -m64 -O3 -funroll-loops -Wno-narrowing -Wno-deprecated-register -Wall -Wextra -std=c++14 -flto=thin -isysroot /Library/Developer/CommandLineTools/SDKs/MacOSX10.15.sdk -MD -MT CMakeFiles/cmTC_115fd.dir/src.cxx.o -MF CMakeFiles/cmTC_115fd.dir/src.cxx.o.d -o CMakeFiles/cmTC_115fd.dir/src.cxx.o -c /Users/adamrashid/Desktop/cs184/final-project/cs184-final-project/build/CMakeFiles/CMakeTmp/src.cxx
/Users/adamrashid/Desktop/cs184/final-project/cs184-final-project/build/CMakeFiles/CMakeTmp/src.cxx:1:14: warning: unused parameter 'argc' [-Wunused-parameter]
int main(int argc, char **argv) { return 0; }
             ^
/Users/adamrashid/Desktop/cs184/final-project/cs184-final-project/build/CMakeFiles/CMakeTmp/src.cxx:1:27: warning: unused parameter 'argv' [-Wunused-parameter]
int main(int argc, char **argv) { return 0; }
                          ^
2 warnings generated.
Linking CXX executable cmTC_115fd
/usr/local/Cellar/cmake/3.22.1/bin/cmake -E cmake_link_script CMakeFiles/cmTC_115fd.dir/link.txt --verbose=1
/Library/Developer/CommandLineTools/usr/bin/c++ -fvisibility=hidden  -std=c++11 -m64 -O3 -funroll-loops -Wno-narrowing -Wno-deprecated-register -Wall -Wextra -std=c++14 -flto=thin -isysroot /Library/Developer/CommandLineTools/SDKs/MacOSX10.15.sdk -Wl,-search_paths_first -Wl,-headerpad_max_install_names CMakeFiles/cmTC_115fd.dir/src.cxx.o -o cmTC_115fd  -flto=thin 


...and run output:

Return value: 1
Source file was:
int main(int argc, char **argv) { return 0; }
Performing C++ SOURCE FILE Test HAS_LIBCPP succeeded with the following compile output:
Change Dir: /Users/adamrashid/Desktop/cs184/final-project/cs184-final-project/build/CMakeFiles/CMakeTmp

Run Build Command(s):/usr/bin/make -f Makefile cmTC_34104/fast && /Library/Developer/CommandLineTools/usr/bin/make  -f CMakeFiles/cmTC_34104.dir/build.make CMakeFiles/cmTC_34104.dir/build
Building CXX object CMakeFiles/cmTC_34104.dir/src.cxx.o
/Library/Developer/CommandLineTools/usr/bin/c++ -DHAS_LIBCPP  -fvisibility=hidden  -std=c++11 -m64 -O3 -funroll-loops -Wno-narrowing -Wno-deprecated-register -Wall -Wextra -std=c++14 -flto=thin -stdlib=libc++ -isysroot /Library/Developer/CommandLineTools/SDKs/MacOSX10.15.sdk -MD -MT CMakeFiles/cmTC_34104.dir/src.cxx.o -MF CMakeFiles/cmTC_34104.dir/src.cxx.o.d -o CMakeFiles/cmTC_34104.dir/src.cxx.o -c /Users/adamrashid/Desktop/cs184/final-project/cs184-final-project/build/CMakeFiles/CMakeTmp/src.cxx
/Users/adamrashid/Desktop/cs184/final-project/cs184-final-project/build/CMakeFiles/CMakeTmp/src.cxx:1:14: warning: unused parameter 'argc' [-Wunused-parameter]
int main(int argc, char **argv) { return 0; }
             ^
/Users/adamrashid/Desktop/cs184/final-project/cs184-final-project/build/CMakeFiles/CMakeTmp/src.cxx:1:27: warning: unused parameter 'argv' [-Wunused-parameter]
int main(int argc, char **argv) { return 0; }
                          ^
2 warnings generated.
Linking CXX executable cmTC_34104
/usr/local/Cellar/cmake/3.22.1/bin/cmake -E cmake_link_script CMakeFiles/cmTC_34104.dir/link.txt --verbose=1
/Library/Developer/CommandLineTools/usr/bin/c++ -fvisibility=hidden  -std=c++11 -m64 -O3 -funroll-loops -Wno-narrowing -Wno-deprecated-register -Wall -Wextra -std=c++14 -flto=thin -stdlib=libc++ -isysroot /Library/Developer/CommandLineTools/SDKs/MacOSX10.15.sdk -Wl,-search_paths_first -Wl,-headerpad_max_install_names CMakeFiles/cmTC_34104.dir/src.cxx.o -o cmTC_34104  -stdlib=libc++ 


...and run output:

Return value: 1
Source file was:
int main(int argc, char **argv) { return 0; }
Performing C++ SOURCE FILE Test HAS_LIBCPPABI succeeded with the following compile output:
Change Dir: /Users/adamrashid/Desktop/cs184/final-project/cs184-final-project/build/CMakeFiles/CMakeTmp

Run Build Command(s):/usr/bin/make -f Makefile cmTC_56c0e/fast && /Library/Developer/CommandLineTools/usr/bin/make  -f CMakeFiles/cmTC_56c0e.dir/build.make CMakeFiles/cmTC_56c0e.dir/build
Building CXX object CMakeFiles/cmTC_56c0e.dir/src.cxx.o
/Library/Developer/CommandLineTools/usr/bin/c++ -DHAS_LIBCPPABI  -fvisibility=hidden  -std=c++11 -m64 -O3 -funroll-loops -Wno-narrowing -Wno-deprecated-register -Wall -Wextra -std=c++14 -flto=thin -stdlib=libc++ -stdlib=libc++ -isysroot /Library/Developer/CommandLineTools/SDKs/MacOSX10.15.sdk -MD -MT CMakeFiles/cmTC_56c0e.dir/src.cxx.o -MF CMakeFiles/cmTC_56c0e.dir/src.cxx.o.d -o CMakeFiles/cmTC_56c0e.dir/src.cxx.o -c /Users/adamrashid/Desktop/cs184/final-project/cs184-final-project/build/CMakeFiles/CMakeTmp/src.cxx
/Users/adamrashid/Desktop/cs184/final-project/cs184-final-project/build/CMakeFiles/CMakeTmp/src.cxx:1:14: warning: unused parameter 'argc' [-Wunused-parameter]
int main(int argc, char **argv) { return 0; }
             ^
/Users/adamrashid/Desktop/cs184/final-project/cs184-final-project/build/CMakeFiles/CMakeTmp/src.cxx:1:27: warning: unused parameter 'argv' [-Wunused-parameter]
int main(int argc, char **argv) { return 0; }
                          ^
2 warnings generated.
Linking CXX executable cmTC_56c0e
/usr/local/Cellar/cmake/3.22.1/bin/cmake -E cmake_link_script CMakeFiles/cmTC_56c0e.dir/link.txt --verbose=1
/Library/Developer/CommandLineTools/usr/bin/c++ -fvisibility=hidden  -std=c++11 -m64 -O3 -funroll-loops -Wno-narrowing -Wno-deprecated-register -Wall -Wextra -std=c++14 -flto=thin -stdlib=libc++ -stdlib=libc++ -isysroot /Library/Developer/CommandLineTools/SDKs/MacOSX10.15.sdk -Wl,-search_paths_first -Wl,-headerpad_max_install_names CMakeFiles/cmTC_56c0e.dir/src.cxx.o -o cmTC_56c0e  -stdlib=libc++ -lc++abi 


...and run output:

Return value: 1
Source file was:
int main(int argc, char **argv) { return 0; }
